<?xml version="1.0" encoding="UTF-8"?>
<!-- Generated by org.testng.reporters.JUnitXMLReporter -->
<testsuite ignored="0" hostname="DESKTOP-0U53EI1" failures="0" tests="4" name="AddTest" time="7.626" errors="0" timestamp="17 May 2020 17:45:34 GMT">
  <testcase classname="testcases.AddCustomerTest" name="AddCustomerTest" time="2.996"/>
  <testcase classname="testcases.AddCustomerTest" name="AddCustomerTest" time="2.323"/>
  <testcase classname="testcases.AddCustomerTest" name="AddCustomerTest" time="0.003">
    <skipped/>
  </testcase> <!-- AddCustomerTest -->
  <testcase classname="testcases.AddCustomerTest" name="AddCustomerTest" time="2.294"/>
</testsuite> <!-- AddTest -->
