<?xml version="1.0" encoding="UTF-8"?>
<testsuite xmlns:xsi="http://www.w3.org/2001/XMLSchema-instance" xsi:noNamespaceSchemaLocation="https://maven.apache.org/surefire/maven-surefire-plugin/xsd/surefire-test-report-3.0.xsd" version="3.0" name="TestSuite" time="22.775" tests="6" errors="0" skipped="2" failures="0">
  <properties>
[...]
</properties>
  <testcase name="logInTest" classname="testcases.LogInTest" time="5.097"/>
  <testcase name="AddCustomerTest" classname="testcases.AddCustomerTest" time="2.997"/>
  <testcase name="AddCustomerTest" classname="testcases.AddCustomerTest" time="2.321"/>
  <testcase name="AddCustomerTest" classname="testcases.AddCustomerTest" time="0">
    <skipped message="skipped because runmode is no"/>
    <system-out><![CDATA[true
]]></system-out>
  </testcase>
  <testcase name="AddCustomerTest" classname="testcases.AddCustomerTest" time="2.292"/>
  <testcase name="openAccountTest" classname="testcases.OpenAccountTest" time="0">
    <skipped message="skipping the test OPENACCOUNTTEST"/>
    <system-out><![CDATA[false
]]></system-out>
  </testcase>
</testsuite>