<?xml version="1.0" encoding="UTF-8"?>
<testsuite name="AddTest"
           tests="4"
           failures="0"
           errors="0"
           skipped="1"
           time="7.616">
  <properties />
  
            <testcase name="AddCustomerTest" time="0.0" classname="testcases.AddCustomerTest">
          <skipped />
    </testcase>
  
            <testcase name="AddCustomerTest" time="2.996" classname="testcases.AddCustomerTest" />
                <testcase name="AddCustomerTest" time="2.323" classname="testcases.AddCustomerTest" />
                <testcase name="AddCustomerTest" time="2.294" classname="testcases.AddCustomerTest" />
      
</testsuite>
