<?xml version="1.0" encoding="UTF-8"?>
<!-- Generated by org.testng.reporters.JUnitXMLReporter -->
<testsuite hostname="DESKTOP-0U53EI1" name="Test" tests="1" failures="1" timestamp="9 May 2020 20:08:23 GMT" time="5.152" errors="0">
  <testcase name="loginAsBankManager" time="5.125" classname="testcases.LogInTest">
    <failure type="java.lang.AssertionError" message="it is failed">
      <![CDATA[java.lang.AssertionError: it is failed
	at testcases.LogInTest.loginAsBankManager(LogInTest.java:29)
... Removed 26 stack frames]]>
    </failure>
  </testcase> <!-- loginAsBankManager -->
</testsuite> <!-- Test -->
